c:\users\tuani\onedrive\documents\visual studio 2015\projects\-hin019-gameloft-internship_part-time_oct-nov-2020\freetype\objs\vc2019\win32\debug\autofit.obj
c:\users\tuani\onedrive\documents\visual studio 2015\projects\-hin019-gameloft-internship_part-time_oct-nov-2020\freetype\objs\vc2019\win32\debug\ftcache.obj
c:\users\tuani\onedrive\documents\visual studio 2015\projects\-hin019-gameloft-internship_part-time_oct-nov-2020\freetype\objs\vc2019\win32\debug\ftgzip.obj
c:\users\tuani\onedrive\documents\visual studio 2015\projects\-hin019-gameloft-internship_part-time_oct-nov-2020\freetype\objs\vc2019\win32\debug\ftsystem.obj
c:\users\tuani\onedrive\documents\visual studio 2015\projects\-hin019-gameloft-internship_part-time_oct-nov-2020\freetype\objs\vc2019\win32\debug\ftpfr.obj
c:\users\tuani\onedrive\documents\visual studio 2015\projects\-hin019-gameloft-internship_part-time_oct-nov-2020\freetype\objs\vc2019\win32\debug\ftwinfnt.obj
c:\users\tuani\onedrive\documents\visual studio 2015\projects\-hin019-gameloft-internship_part-time_oct-nov-2020\freetype\objs\vc2019\win32\debug\ftotval.obj
c:\users\tuani\onedrive\documents\visual studio 2015\projects\-hin019-gameloft-internship_part-time_oct-nov-2020\freetype\objs\vc2019\win32\debug\pshinter.obj
c:\users\tuani\onedrive\documents\visual studio 2015\projects\-hin019-gameloft-internship_part-time_oct-nov-2020\freetype\objs\vc2019\win32\debug\sfnt.obj
c:\users\tuani\onedrive\documents\visual studio 2015\projects\-hin019-gameloft-internship_part-time_oct-nov-2020\freetype\objs\vc2019\win32\debug\type42.obj
c:\users\tuani\onedrive\documents\visual studio 2015\projects\-hin019-gameloft-internship_part-time_oct-nov-2020\freetype\objs\vc2019\win32\debug\ftbase.obj
c:\users\tuani\onedrive\documents\visual studio 2015\projects\-hin019-gameloft-internship_part-time_oct-nov-2020\freetype\objs\vc2019\win32\debug\ftfstype.obj
c:\users\tuani\onedrive\documents\visual studio 2015\projects\-hin019-gameloft-internship_part-time_oct-nov-2020\freetype\objs\vc2019\win32\debug\ftinit.obj
c:\users\tuani\onedrive\documents\visual studio 2015\projects\-hin019-gameloft-internship_part-time_oct-nov-2020\freetype\objs\vc2019\win32\debug\smooth.obj
c:\users\tuani\onedrive\documents\visual studio 2015\projects\-hin019-gameloft-internship_part-time_oct-nov-2020\freetype\objs\vc2019\win32\debug\fttype1.obj
c:\users\tuani\onedrive\documents\visual studio 2015\projects\-hin019-gameloft-internship_part-time_oct-nov-2020\freetype\objs\vc2019\win32\debug\ftgxval.obj
c:\users\tuani\onedrive\documents\visual studio 2015\projects\-hin019-gameloft-internship_part-time_oct-nov-2020\freetype\objs\vc2019\win32\debug\pfr.obj
c:\users\tuani\onedrive\documents\visual studio 2015\projects\-hin019-gameloft-internship_part-time_oct-nov-2020\freetype\objs\vc2019\win32\debug\raster.obj
c:\users\tuani\onedrive\documents\visual studio 2015\projects\-hin019-gameloft-internship_part-time_oct-nov-2020\freetype\objs\vc2019\win32\debug\type1.obj
c:\users\tuani\onedrive\documents\visual studio 2015\projects\-hin019-gameloft-internship_part-time_oct-nov-2020\freetype\objs\vc2019\win32\debug\bdf.obj
c:\users\tuani\onedrive\documents\visual studio 2015\projects\-hin019-gameloft-internship_part-time_oct-nov-2020\freetype\objs\vc2019\win32\debug\ftbitmap.obj
c:\users\tuani\onedrive\documents\visual studio 2015\projects\-hin019-gameloft-internship_part-time_oct-nov-2020\freetype\objs\vc2019\win32\debug\ftglyph.obj
c:\users\tuani\onedrive\documents\visual studio 2015\projects\-hin019-gameloft-internship_part-time_oct-nov-2020\freetype\objs\vc2019\win32\debug\ftstroke.obj
c:\users\tuani\onedrive\documents\visual studio 2015\projects\-hin019-gameloft-internship_part-time_oct-nov-2020\freetype\objs\vc2019\win32\debug\ftmm.obj
c:\users\tuani\onedrive\documents\visual studio 2015\projects\-hin019-gameloft-internship_part-time_oct-nov-2020\freetype\objs\vc2019\win32\debug\ftxf86.obj
c:\users\tuani\onedrive\documents\visual studio 2015\projects\-hin019-gameloft-internship_part-time_oct-nov-2020\freetype\objs\vc2019\win32\debug\ftpatent.obj
c:\users\tuani\onedrive\documents\visual studio 2015\projects\-hin019-gameloft-internship_part-time_oct-nov-2020\freetype\objs\vc2019\win32\debug\psaux.obj
c:\users\tuani\onedrive\documents\visual studio 2015\projects\-hin019-gameloft-internship_part-time_oct-nov-2020\freetype\objs\vc2019\win32\debug\truetype.obj
c:\users\tuani\onedrive\documents\visual studio 2015\projects\-hin019-gameloft-internship_part-time_oct-nov-2020\freetype\objs\vc2019\win32\debug\winfnt.obj
c:\users\tuani\onedrive\documents\visual studio 2015\projects\-hin019-gameloft-internship_part-time_oct-nov-2020\freetype\objs\vc2019\win32\debug\cff.obj
c:\users\tuani\onedrive\documents\visual studio 2015\projects\-hin019-gameloft-internship_part-time_oct-nov-2020\freetype\objs\vc2019\win32\debug\ftgasp.obj
c:\users\tuani\onedrive\documents\visual studio 2015\projects\-hin019-gameloft-internship_part-time_oct-nov-2020\freetype\objs\vc2019\win32\debug\ftlzw.obj
c:\users\tuani\onedrive\documents\visual studio 2015\projects\-hin019-gameloft-internship_part-time_oct-nov-2020\freetype\objs\vc2019\win32\debug\ftbbox.obj
c:\users\tuani\onedrive\documents\visual studio 2015\projects\-hin019-gameloft-internship_part-time_oct-nov-2020\freetype\objs\vc2019\win32\debug\ftsynth.obj
c:\users\tuani\onedrive\documents\visual studio 2015\projects\-hin019-gameloft-internship_part-time_oct-nov-2020\freetype\objs\vc2019\win32\debug\ftlcdfil.obj
c:\users\tuani\onedrive\documents\visual studio 2015\projects\-hin019-gameloft-internship_part-time_oct-nov-2020\freetype\objs\vc2019\win32\debug\pcf.obj
c:\users\tuani\onedrive\documents\visual studio 2015\projects\-hin019-gameloft-internship_part-time_oct-nov-2020\freetype\objs\vc2019\win32\debug\psmodule.obj
c:\users\tuani\onedrive\documents\visual studio 2015\projects\-hin019-gameloft-internship_part-time_oct-nov-2020\freetype\objs\vc2019\win32\debug\type1cid.obj
c:\users\tuani\onedrive\documents\visual studio 2015\projects\-hin019-gameloft-internship_part-time_oct-nov-2020\freetype\objs\vc2019\win32\freetype.pdb
c:\users\tuani\onedrive\documents\visual studio 2015\projects\-hin019-gameloft-internship_part-time_oct-nov-2020\freetype\objs\vc2019\win32\debug\ftdebug.obj
c:\users\tuani\onedrive\documents\visual studio 2015\projects\-hin019-gameloft-internship_part-time_oct-nov-2020\freetype\objs\vc2019\win32\freetype.lib
c:\users\tuani\onedrive\documents\visual studio 2015\projects\-hin019-gameloft-internship_part-time_oct-nov-2020\freetype\builds\windows\vc2019\.\..\..\..\objs\vc2019\win32\freetype.lib
c:\users\tuani\onedrive\documents\visual studio 2015\projects\-hin019-gameloft-internship_part-time_oct-nov-2020\freetype\objs\vc2019\win32\debug\freetype.tlog\cl.command.1.tlog
c:\users\tuani\onedrive\documents\visual studio 2015\projects\-hin019-gameloft-internship_part-time_oct-nov-2020\freetype\objs\vc2019\win32\debug\freetype.tlog\cl.read.1.tlog
c:\users\tuani\onedrive\documents\visual studio 2015\projects\-hin019-gameloft-internship_part-time_oct-nov-2020\freetype\objs\vc2019\win32\debug\freetype.tlog\cl.write.1.tlog
c:\users\tuani\onedrive\documents\visual studio 2015\projects\-hin019-gameloft-internship_part-time_oct-nov-2020\freetype\objs\vc2019\win32\debug\freetype.tlog\lib-link.read.1.tlog
c:\users\tuani\onedrive\documents\visual studio 2015\projects\-hin019-gameloft-internship_part-time_oct-nov-2020\freetype\objs\vc2019\win32\debug\freetype.tlog\lib-link.write.1.tlog
c:\users\tuani\onedrive\documents\visual studio 2015\projects\-hin019-gameloft-internship_part-time_oct-nov-2020\freetype\objs\vc2019\win32\debug\freetype.tlog\lib.command.1.tlog
