c:\users\tuani\onedrive\documents\visual studio 2015\projects\-hin019-gameloft-internship_part-time_oct-nov-2020\trainingframework\release-nvidia\vc140.pdb
c:\users\tuani\onedrive\documents\visual studio 2015\projects\-hin019-gameloft-internship_part-time_oct-nov-2020\trainingframework\release-nvidia\gamestatemachine.obj
c:\users\tuani\onedrive\documents\visual studio 2015\projects\-hin019-gameloft-internship_part-time_oct-nov-2020\trainingframework\release-nvidia\gamestatebase.obj
c:\users\tuani\onedrive\documents\visual studio 2015\projects\-hin019-gameloft-internship_part-time_oct-nov-2020\trainingframework\release-nvidia\texture.obj
c:\users\tuani\onedrive\documents\visual studio 2015\projects\-hin019-gameloft-internship_part-time_oct-nov-2020\trainingframework\release-nvidia\text.obj
c:\users\tuani\onedrive\documents\visual studio 2015\projects\-hin019-gameloft-internship_part-time_oct-nov-2020\trainingframework\release-nvidia\spriteanimation.obj
c:\users\tuani\onedrive\documents\visual studio 2015\projects\-hin019-gameloft-internship_part-time_oct-nov-2020\trainingframework\release-nvidia\shaders.obj
c:\users\tuani\onedrive\documents\visual studio 2015\projects\-hin019-gameloft-internship_part-time_oct-nov-2020\trainingframework\release-nvidia\models.obj
c:\users\tuani\onedrive\documents\visual studio 2015\projects\-hin019-gameloft-internship_part-time_oct-nov-2020\trainingframework\release-nvidia\sprite3d.obj
c:\users\tuani\onedrive\documents\visual studio 2015\projects\-hin019-gameloft-internship_part-time_oct-nov-2020\trainingframework\release-nvidia\camera.obj
c:\users\tuani\onedrive\documents\visual studio 2015\projects\-hin019-gameloft-internship_part-time_oct-nov-2020\trainingframework\release-nvidia\sprite2d.obj
c:\users\tuani\onedrive\documents\visual studio 2015\projects\-hin019-gameloft-internship_part-time_oct-nov-2020\trainingframework\release-nvidia\gamebutton.obj
c:\users\tuani\onedrive\documents\visual studio 2015\projects\-hin019-gameloft-internship_part-time_oct-nov-2020\trainingframework\release-nvidia\font.obj
c:\users\tuani\onedrive\documents\visual studio 2015\projects\-hin019-gameloft-internship_part-time_oct-nov-2020\trainingframework\release-nvidia\resourcemanagers.obj
c:\users\tuani\onedrive\documents\visual studio 2015\projects\-hin019-gameloft-internship_part-time_oct-nov-2020\trainingframework\release-nvidia\application.obj
c:\users\tuani\onedrive\documents\visual studio 2015\projects\-hin019-gameloft-internship_part-time_oct-nov-2020\trainingframework\release-nvidia\gscredit.obj
c:\users\tuani\onedrive\documents\visual studio 2015\projects\-hin019-gameloft-internship_part-time_oct-nov-2020\trainingframework\release-nvidia\gssetting.obj
c:\users\tuani\onedrive\documents\visual studio 2015\projects\-hin019-gameloft-internship_part-time_oct-nov-2020\trainingframework\release-nvidia\gsgameover.obj
c:\users\tuani\onedrive\documents\visual studio 2015\projects\-hin019-gameloft-internship_part-time_oct-nov-2020\trainingframework\release-nvidia\player.obj
c:\users\tuani\onedrive\documents\visual studio 2015\projects\-hin019-gameloft-internship_part-time_oct-nov-2020\trainingframework\release-nvidia\trainingframework.obj
c:\users\tuani\onedrive\documents\visual studio 2015\projects\-hin019-gameloft-internship_part-time_oct-nov-2020\trainingframework\release-nvidia\gsplay.obj
c:\users\tuani\onedrive\documents\visual studio 2015\projects\-hin019-gameloft-internship_part-time_oct-nov-2020\trainingframework\release-nvidia\gsmenu.obj
c:\users\tuani\onedrive\documents\visual studio 2015\projects\-hin019-gameloft-internship_part-time_oct-nov-2020\trainingframework\release-nvidia\gsintro.obj
c:\users\tuani\onedrive\documents\visual studio 2015\projects\-hin019-gameloft-internship_part-time_oct-nov-2020\trainingframework\release-nvidia\enemy.obj
c:\users\tuani\onedrive\documents\visual studio 2015\projects\-hin019-gameloft-internship_part-time_oct-nov-2020\trainingframework\release-nvidia\bullet.obj
c:\users\tuani\onedrive\documents\visual studio 2015\projects\-hin019-gameloft-internship_part-time_oct-nov-2020\bin-nvidia\spacewar.exe
c:\users\tuani\onedrive\documents\visual studio 2015\projects\-hin019-gameloft-internship_part-time_oct-nov-2020\bin-nvidia\spacewar.pdb
c:\users\tuani\onedrive\documents\visual studio 2015\projects\-hin019-gameloft-internship_part-time_oct-nov-2020\trainingframework\release-nvidia\trainingframework.vcxprojresolveassemblyreference.cache
c:\users\tuani\onedrive\documents\visual studio 2015\projects\-hin019-gameloft-internship_part-time_oct-nov-2020\\bin-nvidia\spacewar.pdb
c:\users\tuani\onedrive\documents\visual studio 2015\projects\-hin019-gameloft-internship_part-time_oct-nov-2020\\bin-nvidia\spacewar.exe
c:\users\tuani\onedrive\documents\visual studio 2015\projects\-hin019-gameloft-internship_part-time_oct-nov-2020\trainingframework\release-nvidia\spacewar.tlog\cl.command.1.tlog
c:\users\tuani\onedrive\documents\visual studio 2015\projects\-hin019-gameloft-internship_part-time_oct-nov-2020\trainingframework\release-nvidia\spacewar.tlog\cl.read.1.tlog
c:\users\tuani\onedrive\documents\visual studio 2015\projects\-hin019-gameloft-internship_part-time_oct-nov-2020\trainingframework\release-nvidia\spacewar.tlog\cl.write.1.tlog
c:\users\tuani\onedrive\documents\visual studio 2015\projects\-hin019-gameloft-internship_part-time_oct-nov-2020\trainingframework\release-nvidia\spacewar.tlog\link.command.1.tlog
c:\users\tuani\onedrive\documents\visual studio 2015\projects\-hin019-gameloft-internship_part-time_oct-nov-2020\trainingframework\release-nvidia\spacewar.tlog\link.read.1.tlog
c:\users\tuani\onedrive\documents\visual studio 2015\projects\-hin019-gameloft-internship_part-time_oct-nov-2020\trainingframework\release-nvidia\spacewar.tlog\link.write.1.tlog
