  TrainingFramework.cpp
  GSPlay.cpp
c:\users\tuani\onedrive\documents\visual studio 2015\projects\-hin019-gameloft-internship_part-time_oct-nov-2020\trainingframework\src\gamestates\gsplay.cpp(46): warning C4244: 'initializing': conversion from 'GLfloat' to 'GLint', possible loss of data
c:\users\tuani\onedrive\documents\visual studio 2015\projects\-hin019-gameloft-internship_part-time_oct-nov-2020\trainingframework\src\gamestates\gsplay.cpp(47): warning C4244: 'initializing': conversion from 'GLfloat' to 'GLint', possible loss of data
c:\users\tuani\onedrive\documents\visual studio 2015\projects\-hin019-gameloft-internship_part-time_oct-nov-2020\trainingframework\src\gamestates\gsplay.cpp(48): warning C4244: 'initializing': conversion from 'GLfloat' to 'GLint', possible loss of data
c:\users\tuani\onedrive\documents\visual studio 2015\projects\-hin019-gameloft-internship_part-time_oct-nov-2020\trainingframework\src\gamestates\gsplay.cpp(49): warning C4244: 'initializing': conversion from 'GLfloat' to 'GLint', possible loss of data
c:\users\tuani\onedrive\documents\visual studio 2015\projects\-hin019-gameloft-internship_part-time_oct-nov-2020\trainingframework\src\gamestates\gsplay.cpp(52): warning C4244: 'initializing': conversion from 'GLfloat' to 'GLint', possible loss of data
c:\users\tuani\onedrive\documents\visual studio 2015\projects\-hin019-gameloft-internship_part-time_oct-nov-2020\trainingframework\src\gamestates\gsplay.cpp(53): warning C4244: 'initializing': conversion from 'GLfloat' to 'GLint', possible loss of data
c:\users\tuani\onedrive\documents\visual studio 2015\projects\-hin019-gameloft-internship_part-time_oct-nov-2020\trainingframework\src\gamestates\gsplay.cpp(54): warning C4244: 'initializing': conversion from 'GLfloat' to 'GLint', possible loss of data
c:\users\tuani\onedrive\documents\visual studio 2015\projects\-hin019-gameloft-internship_part-time_oct-nov-2020\trainingframework\src\gamestates\gsplay.cpp(55): warning C4244: 'initializing': conversion from 'GLfloat' to 'GLint', possible loss of data
c:\users\tuani\onedrive\documents\visual studio 2015\projects\-hin019-gameloft-internship_part-time_oct-nov-2020\trainingframework\src\gamestates\gsplay.cpp(78): warning C4244: 'argument': conversion from 'int' to 'GLfloat', possible loss of data
c:\users\tuani\onedrive\documents\visual studio 2015\projects\-hin019-gameloft-internship_part-time_oct-nov-2020\trainingframework\src\gamestates\gsplay.cpp(83): warning C4244: 'argument': conversion from 'int' to 'GLfloat', possible loss of data
c:\users\tuani\onedrive\documents\visual studio 2015\projects\-hin019-gameloft-internship_part-time_oct-nov-2020\trainingframework\src\gamestates\gsplay.cpp(94): warning C4244: 'argument': conversion from 'int' to 'GLfloat', possible loss of data
c:\users\tuani\onedrive\documents\visual studio 2015\projects\-hin019-gameloft-internship_part-time_oct-nov-2020\trainingframework\src\gamestates\gsplay.cpp(116): warning C4244: 'argument': conversion from 'int' to 'GLfloat', possible loss of data
c:\users\tuani\onedrive\documents\visual studio 2015\projects\-hin019-gameloft-internship_part-time_oct-nov-2020\trainingframework\src\gamestates\gsplay.cpp(125): warning C4244: 'argument': conversion from 'int' to 'GLfloat', possible loss of data
c:\users\tuani\onedrive\documents\visual studio 2015\projects\-hin019-gameloft-internship_part-time_oct-nov-2020\trainingframework\src\gamestates\gsplay.cpp(255): warning C4244: 'argument': conversion from 'int' to 'GLfloat', possible loss of data
c:\users\tuani\onedrive\documents\visual studio 2015\projects\-hin019-gameloft-internship_part-time_oct-nov-2020\trainingframework\src\gamestates\gsplay.cpp(257): warning C4244: 'argument': conversion from 'int' to 'GLfloat', possible loss of data
c:\users\tuani\onedrive\documents\visual studio 2015\projects\-hin019-gameloft-internship_part-time_oct-nov-2020\trainingframework\src\gamestates\gsplay.cpp(272): warning C4244: '=': conversion from 'GLfloat' to 'int', possible loss of data
c:\users\tuani\onedrive\documents\visual studio 2015\projects\-hin019-gameloft-internship_part-time_oct-nov-2020\trainingframework\src\gamestates\gsplay.cpp(275): warning C4244: '=': conversion from 'GLfloat' to 'int', possible loss of data
c:\users\tuani\onedrive\documents\visual studio 2015\projects\-hin019-gameloft-internship_part-time_oct-nov-2020\trainingframework\src\gamestates\gsplay.cpp(277): warning C4244: 'argument': conversion from 'int' to 'GLfloat', possible loss of data
c:\users\tuani\onedrive\documents\visual studio 2015\projects\-hin019-gameloft-internship_part-time_oct-nov-2020\trainingframework\src\gamestates\gsplay.cpp(283): warning C4244: '=': conversion from 'GLfloat' to 'int', possible loss of data
c:\users\tuani\onedrive\documents\visual studio 2015\projects\-hin019-gameloft-internship_part-time_oct-nov-2020\trainingframework\src\gamestates\gsplay.cpp(286): warning C4244: '=': conversion from 'GLfloat' to 'int', possible loss of data
c:\users\tuani\onedrive\documents\visual studio 2015\projects\-hin019-gameloft-internship_part-time_oct-nov-2020\trainingframework\src\gamestates\gsplay.cpp(288): warning C4244: 'argument': conversion from 'int' to 'GLfloat', possible loss of data
c:\users\tuani\onedrive\documents\visual studio 2015\projects\-hin019-gameloft-internship_part-time_oct-nov-2020\trainingframework\src\gamestates\gsplay.cpp(294): warning C4244: '=': conversion from 'GLfloat' to 'int', possible loss of data
c:\users\tuani\onedrive\documents\visual studio 2015\projects\-hin019-gameloft-internship_part-time_oct-nov-2020\trainingframework\src\gamestates\gsplay.cpp(297): warning C4244: '=': conversion from 'GLfloat' to 'int', possible loss of data
c:\users\tuani\onedrive\documents\visual studio 2015\projects\-hin019-gameloft-internship_part-time_oct-nov-2020\trainingframework\src\gamestates\gsplay.cpp(299): warning C4244: 'argument': conversion from 'int' to 'GLfloat', possible loss of data
c:\users\tuani\onedrive\documents\visual studio 2015\projects\-hin019-gameloft-internship_part-time_oct-nov-2020\trainingframework\src\gamestates\gsplay.cpp(305): warning C4244: '=': conversion from 'GLfloat' to 'int', possible loss of data
c:\users\tuani\onedrive\documents\visual studio 2015\projects\-hin019-gameloft-internship_part-time_oct-nov-2020\trainingframework\src\gamestates\gsplay.cpp(308): warning C4244: '=': conversion from 'GLfloat' to 'int', possible loss of data
c:\users\tuani\onedrive\documents\visual studio 2015\projects\-hin019-gameloft-internship_part-time_oct-nov-2020\trainingframework\src\gamestates\gsplay.cpp(310): warning C4244: 'argument': conversion from 'int' to 'GLfloat', possible loss of data
c:\users\tuani\onedrive\documents\visual studio 2015\projects\-hin019-gameloft-internship_part-time_oct-nov-2020\trainingframework\src\gamestates\gsplay.cpp(317): warning C4244: '=': conversion from 'GLfloat' to 'int', possible loss of data
c:\users\tuani\onedrive\documents\visual studio 2015\projects\-hin019-gameloft-internship_part-time_oct-nov-2020\trainingframework\src\gamestates\gsplay.cpp(320): warning C4244: '=': conversion from 'GLfloat' to 'int', possible loss of data
c:\users\tuani\onedrive\documents\visual studio 2015\projects\-hin019-gameloft-internship_part-time_oct-nov-2020\trainingframework\src\gamestates\gsplay.cpp(325): warning C4244: '=': conversion from 'GLfloat' to 'int', possible loss of data
c:\users\tuani\onedrive\documents\visual studio 2015\projects\-hin019-gameloft-internship_part-time_oct-nov-2020\trainingframework\src\gamestates\gsplay.cpp(328): warning C4244: '=': conversion from 'GLfloat' to 'int', possible loss of data
c:\users\tuani\onedrive\documents\visual studio 2015\projects\-hin019-gameloft-internship_part-time_oct-nov-2020\trainingframework\src\gamestates\gsplay.cpp(330): warning C4244: 'argument': conversion from 'int' to 'GLfloat', possible loss of data
c:\users\tuani\onedrive\documents\visual studio 2015\projects\-hin019-gameloft-internship_part-time_oct-nov-2020\trainingframework\src\gamestates\gsplay.cpp(337): warning C4244: '=': conversion from 'GLfloat' to 'int', possible loss of data
c:\users\tuani\onedrive\documents\visual studio 2015\projects\-hin019-gameloft-internship_part-time_oct-nov-2020\trainingframework\src\gamestates\gsplay.cpp(340): warning C4244: '=': conversion from 'GLfloat' to 'int', possible loss of data
c:\users\tuani\onedrive\documents\visual studio 2015\projects\-hin019-gameloft-internship_part-time_oct-nov-2020\trainingframework\src\gamestates\gsplay.cpp(344): warning C4244: '=': conversion from 'GLfloat' to 'int', possible loss of data
c:\users\tuani\onedrive\documents\visual studio 2015\projects\-hin019-gameloft-internship_part-time_oct-nov-2020\trainingframework\src\gamestates\gsplay.cpp(347): warning C4244: '=': conversion from 'GLfloat' to 'int', possible loss of data
c:\users\tuani\onedrive\documents\visual studio 2015\projects\-hin019-gameloft-internship_part-time_oct-nov-2020\trainingframework\src\gamestates\gsplay.cpp(350): warning C4244: 'argument': conversion from 'int' to 'GLfloat', possible loss of data
c:\users\tuani\onedrive\documents\visual studio 2015\projects\-hin019-gameloft-internship_part-time_oct-nov-2020\trainingframework\src\gamestates\gsplay.cpp(357): warning C4244: '=': conversion from 'GLfloat' to 'int', possible loss of data
c:\users\tuani\onedrive\documents\visual studio 2015\projects\-hin019-gameloft-internship_part-time_oct-nov-2020\trainingframework\src\gamestates\gsplay.cpp(360): warning C4244: '=': conversion from 'GLfloat' to 'int', possible loss of data
c:\users\tuani\onedrive\documents\visual studio 2015\projects\-hin019-gameloft-internship_part-time_oct-nov-2020\trainingframework\src\gamestates\gsplay.cpp(364): warning C4244: '=': conversion from 'GLfloat' to 'int', possible loss of data
c:\users\tuani\onedrive\documents\visual studio 2015\projects\-hin019-gameloft-internship_part-time_oct-nov-2020\trainingframework\src\gamestates\gsplay.cpp(367): warning C4244: '=': conversion from 'GLfloat' to 'int', possible loss of data
c:\users\tuani\onedrive\documents\visual studio 2015\projects\-hin019-gameloft-internship_part-time_oct-nov-2020\trainingframework\src\gamestates\gsplay.cpp(369): warning C4244: 'argument': conversion from 'int' to 'GLfloat', possible loss of data
c:\users\tuani\onedrive\documents\visual studio 2015\projects\-hin019-gameloft-internship_part-time_oct-nov-2020\trainingframework\src\gamestates\gsplay.cpp(376): warning C4244: '=': conversion from 'GLfloat' to 'int', possible loss of data
c:\users\tuani\onedrive\documents\visual studio 2015\projects\-hin019-gameloft-internship_part-time_oct-nov-2020\trainingframework\src\gamestates\gsplay.cpp(379): warning C4244: '=': conversion from 'GLfloat' to 'int', possible loss of data
c:\users\tuani\onedrive\documents\visual studio 2015\projects\-hin019-gameloft-internship_part-time_oct-nov-2020\trainingframework\src\gamestates\gsplay.cpp(383): warning C4244: '=': conversion from 'GLfloat' to 'int', possible loss of data
c:\users\tuani\onedrive\documents\visual studio 2015\projects\-hin019-gameloft-internship_part-time_oct-nov-2020\trainingframework\src\gamestates\gsplay.cpp(386): warning C4244: '=': conversion from 'GLfloat' to 'int', possible loss of data
c:\users\tuani\onedrive\documents\visual studio 2015\projects\-hin019-gameloft-internship_part-time_oct-nov-2020\trainingframework\src\gamestates\gsplay.cpp(388): warning C4244: 'argument': conversion from 'int' to 'GLfloat', possible loss of data
c:\users\tuani\onedrive\documents\visual studio 2015\projects\-hin019-gameloft-internship_part-time_oct-nov-2020\trainingframework\src\gamestates\gsplay.cpp(421): warning C4244: 'initializing': conversion from 'GLfloat' to 'int', possible loss of data
c:\users\tuani\onedrive\documents\visual studio 2015\projects\-hin019-gameloft-internship_part-time_oct-nov-2020\trainingframework\src\gamestates\gsplay.cpp(423): warning C4244: 'argument': conversion from 'int' to 'GLfloat', possible loss of data
c:\program files (x86)\microsoft visual studio 14.0\vc\include\memory(901): warning C4244: 'argument': conversion from 'double' to 'float', possible loss of data
  c:\program files (x86)\microsoft visual studio 14.0\vc\include\memory(971): note: see reference to function template instantiation 'std::_Ref_count_obj<_Ty>::_Ref_count_obj<std::shared_ptr<Shaders>&,std::shared_ptr<Font>&,const char(&)[13],TEXT_COLOR,double>(std::shared_ptr<Shaders> &,std::shared_ptr<Font> &,const char (&)[13],TEXT_COLOR &&,double &&)' being compiled
          with
          [
              _Ty=Text
          ]
  c:\program files (x86)\microsoft visual studio 14.0\vc\include\memory(971): note: see reference to function template instantiation 'std::_Ref_count_obj<_Ty>::_Ref_count_obj<std::shared_ptr<Shaders>&,std::shared_ptr<Font>&,const char(&)[13],TEXT_COLOR,double>(std::shared_ptr<Shaders> &,std::shared_ptr<Font> &,const char (&)[13],TEXT_COLOR &&,double &&)' being compiled
          with
          [
              _Ty=Text
          ]
  c:\users\tuani\onedrive\documents\visual studio 2015\projects\-hin019-gameloft-internship_part-time_oct-nov-2020\trainingframework\src\gamestates\gsplay.cpp(138): note: see reference to function template instantiation 'std::shared_ptr<Text> std::make_shared<Text,std::shared_ptr<Shaders>&,std::shared_ptr<Font>&,const char(&)[13],TEXT_COLOR,double>(std::shared_ptr<Shaders> &,std::shared_ptr<Font> &,const char (&)[13],TEXT_COLOR &&,double &&)' being compiled
  c:\program files (x86)\microsoft visual studio 14.0\vc\include\memory(439): note: see reference to class template instantiation 'std::_Ptr_base<_Ty>' being compiled
          with
          [
              _Ty=Texture
          ]
  c:\users\tuani\onedrive\documents\visual studio 2015\projects\-hin019-gameloft-internship_part-time_oct-nov-2020\trainingframework\src\gameobject\baseobject.h(25): note: see reference to class template instantiation 'std::shared_ptr<Texture>' being compiled
  GSMenu.cpp
c:\users\tuani\onedrive\documents\visual studio 2015\projects\-hin019-gameloft-internship_part-time_oct-nov-2020\trainingframework\src\gamestates\gsmenu.cpp(24): warning C4244: 'argument': conversion from 'int' to 'GLfloat', possible loss of data
c:\users\tuani\onedrive\documents\visual studio 2015\projects\-hin019-gameloft-internship_part-time_oct-nov-2020\trainingframework\src\gamestates\gsmenu.cpp(30): warning C4244: 'argument': conversion from 'int' to 'GLfloat', possible loss of data
c:\users\tuani\onedrive\documents\visual studio 2015\projects\-hin019-gameloft-internship_part-time_oct-nov-2020\trainingframework\src\gamestates\gsmenu.cpp(40): warning C4244: 'argument': conversion from 'int' to 'GLfloat', possible loss of data
c:\users\tuani\onedrive\documents\visual studio 2015\projects\-hin019-gameloft-internship_part-time_oct-nov-2020\trainingframework\src\gamestates\gsmenu.cpp(50): warning C4244: 'argument': conversion from 'int' to 'GLfloat', possible loss of data
c:\users\tuani\onedrive\documents\visual studio 2015\projects\-hin019-gameloft-internship_part-time_oct-nov-2020\trainingframework\src\gamestates\gsmenu.cpp(61): warning C4244: 'argument': conversion from 'int' to 'GLfloat', possible loss of data
c:\users\tuani\onedrive\documents\visual studio 2015\projects\-hin019-gameloft-internship_part-time_oct-nov-2020\trainingframework\src\gamestates\gsmenu.cpp(73): warning C4244: 'argument': conversion from 'int' to 'GLfloat', possible loss of data
c:\program files (x86)\microsoft visual studio 14.0\vc\include\memory(901): warning C4244: 'argument': conversion from 'double' to 'float', possible loss of data
  c:\program files (x86)\microsoft visual studio 14.0\vc\include\memory(971): note: see reference to function template instantiation 'std::_Ref_count_obj<_Ty>::_Ref_count_obj<std::shared_ptr<Shaders>&,std::shared_ptr<Font>&,const char(&)[11],TEXT_COLOR,double>(std::shared_ptr<Shaders> &,std::shared_ptr<Font> &,const char (&)[11],TEXT_COLOR &&,double &&)' being compiled
          with
          [
              _Ty=Text
          ]
  c:\program files (x86)\microsoft visual studio 14.0\vc\include\memory(971): note: see reference to function template instantiation 'std::_Ref_count_obj<_Ty>::_Ref_count_obj<std::shared_ptr<Shaders>&,std::shared_ptr<Font>&,const char(&)[11],TEXT_COLOR,double>(std::shared_ptr<Shaders> &,std::shared_ptr<Font> &,const char (&)[11],TEXT_COLOR &&,double &&)' being compiled
          with
          [
              _Ty=Text
          ]
  c:\users\tuani\onedrive\documents\visual studio 2015\projects\-hin019-gameloft-internship_part-time_oct-nov-2020\trainingframework\src\gamestates\gsmenu.cpp(72): note: see reference to function template instantiation 'std::shared_ptr<Text> std::make_shared<Text,std::shared_ptr<Shaders>&,std::shared_ptr<Font>&,const char(&)[11],TEXT_COLOR,double>(std::shared_ptr<Shaders> &,std::shared_ptr<Font> &,const char (&)[11],TEXT_COLOR &&,double &&)' being compiled
  GSIntro.cpp
c:\users\tuani\onedrive\documents\visual studio 2015\projects\-hin019-gameloft-internship_part-time_oct-nov-2020\trainingframework\src\gamestates\gsintro.cpp(26): warning C4244: 'argument': conversion from 'int' to 'GLfloat', possible loss of data
  GameStateMachine.cpp
  GameStatebase.cpp
  Texture.cpp
  Text.cpp
c:\users\tuani\onedrive\documents\visual studio 2015\projects\-hin019-gameloft-internship_part-time_oct-nov-2020\trainingframework\src\gameobject\text.cpp(24): warning C4244: 'initializing': conversion from 'double' to 'float', possible loss of data
c:\users\tuani\onedrive\documents\visual studio 2015\projects\-hin019-gameloft-internship_part-time_oct-nov-2020\trainingframework\src\gameobject\text.cpp(25): warning C4244: 'initializing': conversion from 'double' to 'float', possible loss of data
c:\users\tuani\onedrive\documents\visual studio 2015\projects\-hin019-gameloft-internship_part-time_oct-nov-2020\trainingframework\src\gameobject\text.cpp(171): warning C4244: 'initializing': conversion from 'double' to 'float', possible loss of data
c:\users\tuani\onedrive\documents\visual studio 2015\projects\-hin019-gameloft-internship_part-time_oct-nov-2020\trainingframework\src\gameobject\text.cpp(172): warning C4244: 'initializing': conversion from 'double' to 'float', possible loss of data
c:\users\tuani\onedrive\documents\visual studio 2015\projects\-hin019-gameloft-internship_part-time_oct-nov-2020\trainingframework\src\gameobject\text.cpp(182): warning C4244: 'initializing': conversion from 'double' to 'float', possible loss of data
c:\users\tuani\onedrive\documents\visual studio 2015\projects\-hin019-gameloft-internship_part-time_oct-nov-2020\trainingframework\src\gameobject\text.cpp(183): warning C4244: 'initializing': conversion from 'double' to 'float', possible loss of data
  SpriteAnimation.cpp
c:\users\tuani\onedrive\documents\visual studio 2015\projects\-hin019-gameloft-internship_part-time_oct-nov-2020\trainingframework\src\gameobject\spriteanimation.cpp(105): warning C4244: 'argument': conversion from 'GLint' to 'GLfloat', possible loss of data
c:\users\tuani\onedrive\documents\visual studio 2015\projects\-hin019-gameloft-internship_part-time_oct-nov-2020\trainingframework\src\gameobject\spriteanimation.cpp(110): warning C4244: 'argument': conversion from 'GLint' to 'GLfloat', possible loss of data
c:\users\tuani\onedrive\documents\visual studio 2015\projects\-hin019-gameloft-internship_part-time_oct-nov-2020\trainingframework\src\gameobject\spriteanimation.cpp(138): warning C4244: 'initializing': conversion from 'double' to 'float', possible loss of data
c:\users\tuani\onedrive\documents\visual studio 2015\projects\-hin019-gameloft-internship_part-time_oct-nov-2020\trainingframework\src\gameobject\spriteanimation.cpp(139): warning C4244: 'initializing': conversion from 'double' to 'float', possible loss of data
c:\users\tuani\onedrive\documents\visual studio 2015\projects\-hin019-gameloft-internship_part-time_oct-nov-2020\trainingframework\src\gameobject\spriteanimation.cpp(149): warning C4244: 'initializing': conversion from 'double' to 'float', possible loss of data
c:\users\tuani\onedrive\documents\visual studio 2015\projects\-hin019-gameloft-internship_part-time_oct-nov-2020\trainingframework\src\gameobject\spriteanimation.cpp(150): warning C4244: 'initializing': conversion from 'double' to 'float', possible loss of data
  Shaders.cpp
c:\users\tuani\onedrive\documents\visual studio 2015\projects\-hin019-gameloft-internship_part-time_oct-nov-2020\trainingframework\src\gameobject\shaders.cpp(25): warning C4477: 'printf' : format string '%s' requires an argument of type 'char *', but variadic argument 1 has type 'const std::string'
c:\users\tuani\onedrive\documents\visual studio 2015\projects\-hin019-gameloft-internship_part-time_oct-nov-2020\trainingframework\src\gameobject\shaders.cpp(32): warning C4477: 'printf' : format string '%s' requires an argument of type 'char *', but variadic argument 1 has type 'const std::string'
  Models.cpp
c:\users\tuani\onedrive\documents\visual studio 2015\projects\-hin019-gameloft-internship_part-time_oct-nov-2020\trainingframework\src\gameobject\models.cpp(25): warning C4244: 'initializing': conversion from 'std::streamoff' to 'std::size_t', possible loss of data
c:\users\tuani\onedrive\documents\visual studio 2015\projects\-hin019-gameloft-internship_part-time_oct-nov-2020\trainingframework\src\gameobject\models.cpp(10): warning C4477: 'printf' : format string '%s' requires an argument of type 'char *', but variadic argument 1 has type 'const std::string'
c:\users\tuani\onedrive\documents\visual studio 2015\projects\-hin019-gameloft-internship_part-time_oct-nov-2020\trainingframework\src\gameobject\models.cpp(13): warning C4477: 'printf' : format string '%s' requires an argument of type 'char *', but variadic argument 1 has type 'const std::string'
c:\users\tuani\onedrive\documents\visual studio 2015\projects\-hin019-gameloft-internship_part-time_oct-nov-2020\trainingframework\src\gameobject\models.cpp(35): warning C4996: 'sscanf': This function or variable may be unsafe. Consider using sscanf_s instead. To disable deprecation, use _CRT_SECURE_NO_WARNINGS. See online help for details.
  c:\program files (x86)\windows kits\10\include\10.0.18362.0\ucrt\stdio.h(2263): note: see declaration of 'sscanf'
c:\users\tuani\onedrive\documents\visual studio 2015\projects\-hin019-gameloft-internship_part-time_oct-nov-2020\trainingframework\src\gameobject\models.cpp(40): warning C4996: 'sscanf': This function or variable may be unsafe. Consider using sscanf_s instead. To disable deprecation, use _CRT_SECURE_NO_WARNINGS. See online help for details.
  c:\program files (x86)\windows kits\10\include\10.0.18362.0\ucrt\stdio.h(2263): note: see declaration of 'sscanf'
c:\users\tuani\onedrive\documents\visual studio 2015\projects\-hin019-gameloft-internship_part-time_oct-nov-2020\trainingframework\src\gameobject\models.cpp(62): warning C4996: 'sscanf': This function or variable may be unsafe. Consider using sscanf_s instead. To disable deprecation, use _CRT_SECURE_NO_WARNINGS. See online help for details.
  c:\program files (x86)\windows kits\10\include\10.0.18362.0\ucrt\stdio.h(2263): note: see declaration of 'sscanf'
c:\users\tuani\onedrive\documents\visual studio 2015\projects\-hin019-gameloft-internship_part-time_oct-nov-2020\trainingframework\src\gameobject\models.cpp(68): warning C4996: 'sscanf': This function or variable may be unsafe. Consider using sscanf_s instead. To disable deprecation, use _CRT_SECURE_NO_WARNINGS. See online help for details.
  c:\program files (x86)\windows kits\10\include\10.0.18362.0\ucrt\stdio.h(2263): note: see declaration of 'sscanf'
  Sprite3D.cpp
  Camera.cpp
  Sprite2D.cpp
c:\users\tuani\onedrive\documents\visual studio 2015\projects\-hin019-gameloft-internship_part-time_oct-nov-2020\trainingframework\src\gameobject\sprite2d.cpp(143): warning C4244: 'initializing': conversion from 'double' to 'float', possible loss of data
c:\users\tuani\onedrive\documents\visual studio 2015\projects\-hin019-gameloft-internship_part-time_oct-nov-2020\trainingframework\src\gameobject\sprite2d.cpp(144): warning C4244: 'initializing': conversion from 'double' to 'float', possible loss of data
c:\users\tuani\onedrive\documents\visual studio 2015\projects\-hin019-gameloft-internship_part-time_oct-nov-2020\trainingframework\src\gameobject\sprite2d.cpp(154): warning C4244: 'initializing': conversion from 'double' to 'float', possible loss of data
c:\users\tuani\onedrive\documents\visual studio 2015\projects\-hin019-gameloft-internship_part-time_oct-nov-2020\trainingframework\src\gameobject\sprite2d.cpp(155): warning C4244: 'initializing': conversion from 'double' to 'float', possible loss of data
  GameButton.cpp
  Font.cpp
  ResourceManagers.cpp
  Application.cpp
  GSCredit.cpp
c:\users\tuani\onedrive\documents\visual studio 2015\projects\-hin019-gameloft-internship_part-time_oct-nov-2020\trainingframework\src\gamestates\gscredit.cpp(23): warning C4244: 'argument': conversion from 'int' to 'GLfloat', possible loss of data
c:\users\tuani\onedrive\documents\visual studio 2015\projects\-hin019-gameloft-internship_part-time_oct-nov-2020\trainingframework\src\gamestates\gscredit.cpp(29): warning C4244: 'argument': conversion from 'int' to 'GLfloat', possible loss of data
c:\users\tuani\onedrive\documents\visual studio 2015\projects\-hin019-gameloft-internship_part-time_oct-nov-2020\trainingframework\src\gamestates\gscredit.cpp(40): warning C4244: 'argument': conversion from 'int' to 'GLfloat', possible loss of data
c:\program files (x86)\microsoft visual studio 14.0\vc\include\memory(901): warning C4244: 'argument': conversion from 'double' to 'float', possible loss of data
  c:\program files (x86)\microsoft visual studio 14.0\vc\include\memory(971): note: see reference to function template instantiation 'std::_Ref_count_obj<_Ty>::_Ref_count_obj<std::shared_ptr<Shaders>&,std::shared_ptr<Font>&,const char(&)[13],TEXT_COLOR,double>(std::shared_ptr<Shaders> &,std::shared_ptr<Font> &,const char (&)[13],TEXT_COLOR &&,double &&)' being compiled
          with
          [
              _Ty=Text
          ]
  c:\program files (x86)\microsoft visual studio 14.0\vc\include\memory(971): note: see reference to function template instantiation 'std::_Ref_count_obj<_Ty>::_Ref_count_obj<std::shared_ptr<Shaders>&,std::shared_ptr<Font>&,const char(&)[13],TEXT_COLOR,double>(std::shared_ptr<Shaders> &,std::shared_ptr<Font> &,const char (&)[13],TEXT_COLOR &&,double &&)' being compiled
          with
          [
              _Ty=Text
          ]
  c:\users\tuani\onedrive\documents\visual studio 2015\projects\-hin019-gameloft-internship_part-time_oct-nov-2020\trainingframework\src\gamestates\gscredit.cpp(39): note: see reference to function template instantiation 'std::shared_ptr<Text> std::make_shared<Text,std::shared_ptr<Shaders>&,std::shared_ptr<Font>&,const char(&)[13],TEXT_COLOR,double>(std::shared_ptr<Shaders> &,std::shared_ptr<Font> &,const char (&)[13],TEXT_COLOR &&,double &&)' being compiled
  GSSetting.cpp
c:\users\tuani\onedrive\documents\visual studio 2015\projects\-hin019-gameloft-internship_part-time_oct-nov-2020\trainingframework\src\gamestates\gssetting.cpp(23): warning C4244: 'argument': conversion from 'int' to 'GLfloat', possible loss of data
c:\users\tuani\onedrive\documents\visual studio 2015\projects\-hin019-gameloft-internship_part-time_oct-nov-2020\trainingframework\src\gamestates\gssetting.cpp(29): warning C4244: 'argument': conversion from 'int' to 'GLfloat', possible loss of data
c:\users\tuani\onedrive\documents\visual studio 2015\projects\-hin019-gameloft-internship_part-time_oct-nov-2020\trainingframework\src\gamestates\gssetting.cpp(40): warning C4244: 'argument': conversion from 'int' to 'GLfloat', possible loss of data
c:\program files (x86)\microsoft visual studio 14.0\vc\include\memory(901): warning C4244: 'argument': conversion from 'double' to 'float', possible loss of data
  c:\program files (x86)\microsoft visual studio 14.0\vc\include\memory(971): note: see reference to function template instantiation 'std::_Ref_count_obj<_Ty>::_Ref_count_obj<std::shared_ptr<Shaders>&,std::shared_ptr<Font>&,const char(&)[14],TEXT_COLOR,double>(std::shared_ptr<Shaders> &,std::shared_ptr<Font> &,const char (&)[14],TEXT_COLOR &&,double &&)' being compiled
          with
          [
              _Ty=Text
          ]
  c:\program files (x86)\microsoft visual studio 14.0\vc\include\memory(971): note: see reference to function template instantiation 'std::_Ref_count_obj<_Ty>::_Ref_count_obj<std::shared_ptr<Shaders>&,std::shared_ptr<Font>&,const char(&)[14],TEXT_COLOR,double>(std::shared_ptr<Shaders> &,std::shared_ptr<Font> &,const char (&)[14],TEXT_COLOR &&,double &&)' being compiled
          with
          [
              _Ty=Text
          ]
  c:\users\tuani\onedrive\documents\visual studio 2015\projects\-hin019-gameloft-internship_part-time_oct-nov-2020\trainingframework\src\gamestates\gssetting.cpp(39): note: see reference to function template instantiation 'std::shared_ptr<Text> std::make_shared<Text,std::shared_ptr<Shaders>&,std::shared_ptr<Font>&,const char(&)[14],TEXT_COLOR,double>(std::shared_ptr<Shaders> &,std::shared_ptr<Font> &,const char (&)[14],TEXT_COLOR &&,double &&)' being compiled
  Generating Code...
  Compiling...
  Player.cpp
  Enemy.cpp
c:\users\tuani\onedrive\documents\visual studio 2015\projects\-hin019-gameloft-internship_part-time_oct-nov-2020\trainingframework\src\gameobject\enemy.cpp(68): warning C4244: 'argument': conversion from 'int' to 'GLfloat', possible loss of data
  Bullet.cpp
  Generating Code...
Bullet.obj : warning LNK4075: ignoring '/EDITANDCONTINUE' due to '/SAFESEH' specification
LINK : warning LNK4098: defaultlib 'LIBCMT' conflicts with use of other libs; use /NODEFAULTLIB:library
Models.obj : error LNK2019: unresolved external symbol "void * __cdecl operator new[](unsigned int,char *,unsigned long)" (??_U@YAPAXIPADK@Z) referenced in function "public: __thiscall Models::Models(class std::basic_string<char,struct std::char_traits<char>,class std::allocator<char> > const &,unsigned int)" (??0Models@@QAE@ABV?$basic_string@DU?$char_traits@D@std@@V?$allocator@D@2@@std@@I@Z)
UtilitiesD.lib(esShader.obj) : error LNK2001: unresolved external symbol "void * __cdecl operator new[](unsigned int,char *,unsigned long)" (??_U@YAPAXIPADK@Z)
Models.obj : error LNK2019: unresolved external symbol "void __cdecl operator delete[](void *,char *,unsigned long)" (??_V@YAXPAXPADK@Z) referenced in function __unwindfunclet$??0Models@@QAE@ABV?$basic_string@DU?$char_traits@D@std@@V?$allocator@D@2@@std@@I@Z$4
TrainingFramework.obj : error LNK2019: unresolved external symbol "void __cdecl MemoryDump(void)" (?MemoryDump@@YAXXZ) referenced in function _main
C:\Users\Tuani\OneDrive\Documents\Visual Studio 2015\Projects\-HIN019-Gameloft-Internship_Part-time_Oct-Nov-2020\\BIN-Nvidia\TrainingFramework.exe : fatal error LNK1120: 3 unresolved externals
