c:\users\tuani\onedrive\documents\visual studio 2015\projects\-hin019-gameloft-internship_part-time_oct-nov-2020\trainingframework\debug-nvidia\vc140.pdb
c:\users\tuani\onedrive\documents\visual studio 2015\projects\-hin019-gameloft-internship_part-time_oct-nov-2020\trainingframework\debug-nvidia\vc140.idb
c:\users\tuani\onedrive\documents\visual studio 2015\projects\-hin019-gameloft-internship_part-time_oct-nov-2020\trainingframework\debug-nvidia\gssetting.obj
c:\users\tuani\onedrive\documents\visual studio 2015\projects\-hin019-gameloft-internship_part-time_oct-nov-2020\trainingframework\debug-nvidia\gscredit.obj
c:\users\tuani\onedrive\documents\visual studio 2015\projects\-hin019-gameloft-internship_part-time_oct-nov-2020\trainingframework\debug-nvidia\application.obj
c:\users\tuani\onedrive\documents\visual studio 2015\projects\-hin019-gameloft-internship_part-time_oct-nov-2020\trainingframework\debug-nvidia\resourcemanagers.obj
c:\users\tuani\onedrive\documents\visual studio 2015\projects\-hin019-gameloft-internship_part-time_oct-nov-2020\trainingframework\debug-nvidia\font.obj
c:\users\tuani\onedrive\documents\visual studio 2015\projects\-hin019-gameloft-internship_part-time_oct-nov-2020\trainingframework\debug-nvidia\gamebutton.obj
c:\users\tuani\onedrive\documents\visual studio 2015\projects\-hin019-gameloft-internship_part-time_oct-nov-2020\trainingframework\debug-nvidia\sprite2d.obj
c:\users\tuani\onedrive\documents\visual studio 2015\projects\-hin019-gameloft-internship_part-time_oct-nov-2020\trainingframework\debug-nvidia\camera.obj
c:\users\tuani\onedrive\documents\visual studio 2015\projects\-hin019-gameloft-internship_part-time_oct-nov-2020\trainingframework\debug-nvidia\sprite3d.obj
c:\users\tuani\onedrive\documents\visual studio 2015\projects\-hin019-gameloft-internship_part-time_oct-nov-2020\trainingframework\debug-nvidia\models.obj
c:\users\tuani\onedrive\documents\visual studio 2015\projects\-hin019-gameloft-internship_part-time_oct-nov-2020\trainingframework\debug-nvidia\shaders.obj
c:\users\tuani\onedrive\documents\visual studio 2015\projects\-hin019-gameloft-internship_part-time_oct-nov-2020\trainingframework\debug-nvidia\spriteanimation.obj
c:\users\tuani\onedrive\documents\visual studio 2015\projects\-hin019-gameloft-internship_part-time_oct-nov-2020\trainingframework\debug-nvidia\text.obj
c:\users\tuani\onedrive\documents\visual studio 2015\projects\-hin019-gameloft-internship_part-time_oct-nov-2020\trainingframework\debug-nvidia\texture.obj
c:\users\tuani\onedrive\documents\visual studio 2015\projects\-hin019-gameloft-internship_part-time_oct-nov-2020\trainingframework\debug-nvidia\gamestatebase.obj
c:\users\tuani\onedrive\documents\visual studio 2015\projects\-hin019-gameloft-internship_part-time_oct-nov-2020\trainingframework\debug-nvidia\gamestatemachine.obj
c:\users\tuani\onedrive\documents\visual studio 2015\projects\-hin019-gameloft-internship_part-time_oct-nov-2020\trainingframework\debug-nvidia\gsintro.obj
c:\users\tuani\onedrive\documents\visual studio 2015\projects\-hin019-gameloft-internship_part-time_oct-nov-2020\trainingframework\debug-nvidia\gsmenu.obj
c:\users\tuani\onedrive\documents\visual studio 2015\projects\-hin019-gameloft-internship_part-time_oct-nov-2020\trainingframework\debug-nvidia\gsplay.obj
c:\users\tuani\onedrive\documents\visual studio 2015\projects\-hin019-gameloft-internship_part-time_oct-nov-2020\trainingframework\debug-nvidia\trainingframework.obj
c:\users\tuani\onedrive\documents\visual studio 2015\projects\-hin019-gameloft-internship_part-time_oct-nov-2020\trainingframework\debug-nvidia\bullet.obj
c:\users\tuani\onedrive\documents\visual studio 2015\projects\-hin019-gameloft-internship_part-time_oct-nov-2020\trainingframework\debug-nvidia\enemy.obj
c:\users\tuani\onedrive\documents\visual studio 2015\projects\-hin019-gameloft-internship_part-time_oct-nov-2020\trainingframework\debug-nvidia\player.obj
c:\users\tuani\onedrive\documents\visual studio 2015\projects\-hin019-gameloft-internship_part-time_oct-nov-2020\bin-nvidia\trainingframework.ilk
c:\users\tuani\onedrive\documents\visual studio 2015\projects\-hin019-gameloft-internship_part-time_oct-nov-2020\bin-nvidia\trainingframework.exe
c:\users\tuani\onedrive\documents\visual studio 2015\projects\-hin019-gameloft-internship_part-time_oct-nov-2020\bin-nvidia\trainingframework.pdb
c:\users\tuani\onedrive\documents\visual studio 2015\projects\-hin019-gameloft-internship_part-time_oct-nov-2020\\bin-nvidia\trainingframework.pdb
c:\users\tuani\onedrive\documents\visual studio 2015\projects\-hin019-gameloft-internship_part-time_oct-nov-2020\\bin-nvidia\trainingframework.exe
c:\users\tuani\onedrive\documents\visual studio 2015\projects\-hin019-gameloft-internship_part-time_oct-nov-2020\\bin-nvidia\trainingframework.ilk
c:\users\tuani\onedrive\documents\visual studio 2015\projects\-hin019-gameloft-internship_part-time_oct-nov-2020\trainingframework\debug-nvidia\training.fc024ec8.tlog\cl.command.1.tlog
c:\users\tuani\onedrive\documents\visual studio 2015\projects\-hin019-gameloft-internship_part-time_oct-nov-2020\trainingframework\debug-nvidia\training.fc024ec8.tlog\cl.read.1.tlog
c:\users\tuani\onedrive\documents\visual studio 2015\projects\-hin019-gameloft-internship_part-time_oct-nov-2020\trainingframework\debug-nvidia\training.fc024ec8.tlog\cl.write.1.tlog
c:\users\tuani\onedrive\documents\visual studio 2015\projects\-hin019-gameloft-internship_part-time_oct-nov-2020\trainingframework\debug-nvidia\training.fc024ec8.tlog\link.command.1.tlog
c:\users\tuani\onedrive\documents\visual studio 2015\projects\-hin019-gameloft-internship_part-time_oct-nov-2020\trainingframework\debug-nvidia\training.fc024ec8.tlog\link.read.1.tlog
c:\users\tuani\onedrive\documents\visual studio 2015\projects\-hin019-gameloft-internship_part-time_oct-nov-2020\trainingframework\debug-nvidia\training.fc024ec8.tlog\link.write.1.tlog
